<?xml version="1.0" encoding="UTF-8"?>
<!-- Generated by org.testng.reporters.JUnitReportReporter -->
<testsuite skipped="0" hostname="DESKTOP-8G9MUS3" name="com.crm.qa.testcases.HomePageTestCases" tests="3" failures="0" timestamp="2020-04-26T18:57:42 EDT" time="47.778" errors="0">
  <testcase name="verifyHomePageTitleTest" time="15.108" classname="com.crm.qa.testcases.HomePageTestCases"/>
  <system-out/>
  <testcase name="verifyUserNameTest" time="16.266" classname="com.crm.qa.testcases.HomePageTestCases"/>
  <system-out/>
  <testcase name="virifyContactsLiskTest" time="16.404" classname="com.crm.qa.testcases.HomePageTestCases"/>
  <system-out/>
</testsuite> <!-- com.crm.qa.testcases.HomePageTestCases -->
